mode: set
github.com/msavanan/bookings/cmd/web/main.go:23.13,25.16 2 0
github.com/msavanan/bookings/cmd/web/main.go:25.16,27.3 1 0
github.com/msavanan/bookings/cmd/web/main.go:29.2,38.16 4 0
github.com/msavanan/bookings/cmd/web/main.go:38.16,40.3 1 0
github.com/msavanan/bookings/cmd/web/main.go:43.18,59.16 10 1
github.com/msavanan/bookings/cmd/web/main.go:59.16,62.3 2 0
github.com/msavanan/bookings/cmd/web/main.go:64.2,72.12 6 1
github.com/msavanan/bookings/cmd/web/middleware.go:9.45,20.2 3 1
github.com/msavanan/bookings/cmd/web/middleware.go:22.50,24.2 1 1
github.com/msavanan/bookings/cmd/web/routes.go:12.47,44.2 18 1
