mode: set
github.com/msavanan/bookings/internal/handlers/handlers.go:32.62,37.2 1 0
github.com/msavanan/bookings/internal/handlers/handlers.go:40.51,45.2 1 1
github.com/msavanan/bookings/internal/handlers/handlers.go:47.33,49.2 1 1
github.com/msavanan/bookings/internal/handlers/handlers.go:51.67,54.2 1 1
github.com/msavanan/bookings/internal/handlers/handlers.go:56.68,59.2 1 1
github.com/msavanan/bookings/internal/handlers/handlers.go:61.70,63.2 1 1
github.com/msavanan/bookings/internal/handlers/handlers.go:65.71,67.2 1 1
github.com/msavanan/bookings/internal/handlers/handlers.go:69.69,71.2 1 1
github.com/msavanan/bookings/internal/handlers/handlers.go:74.75,76.2 1 1
github.com/msavanan/bookings/internal/handlers/handlers.go:79.79,85.16 5 0
github.com/msavanan/bookings/internal/handlers/handlers.go:85.16,88.3 2 0
github.com/msavanan/bookings/internal/handlers/handlers.go:89.2,90.16 2 0
github.com/msavanan/bookings/internal/handlers/handlers.go:90.16,93.3 2 0
github.com/msavanan/bookings/internal/handlers/handlers.go:95.2,96.16 2 0
github.com/msavanan/bookings/internal/handlers/handlers.go:96.16,99.3 2 0
github.com/msavanan/bookings/internal/handlers/handlers.go:101.2,101.21 1 0
github.com/msavanan/bookings/internal/handlers/handlers.go:101.21,106.3 3 0
github.com/msavanan/bookings/internal/handlers/handlers.go:108.2,123.29 6 0
github.com/msavanan/bookings/internal/handlers/handlers.go:123.29,125.3 1 0
github.com/msavanan/bookings/internal/handlers/handlers.go:139.79,144.16 4 0
github.com/msavanan/bookings/internal/handlers/handlers.go:144.16,146.3 1 0
github.com/msavanan/bookings/internal/handlers/handlers.go:148.2,150.16 3 0
github.com/msavanan/bookings/internal/handlers/handlers.go:150.16,152.3 1 0
github.com/msavanan/bookings/internal/handlers/handlers.go:154.2,155.16 2 0
github.com/msavanan/bookings/internal/handlers/handlers.go:155.16,157.3 1 0
github.com/msavanan/bookings/internal/handlers/handlers.go:159.2,160.16 2 0
github.com/msavanan/bookings/internal/handlers/handlers.go:160.16,162.3 1 0
github.com/msavanan/bookings/internal/handlers/handlers.go:164.2,173.62 3 0
github.com/msavanan/bookings/internal/handlers/handlers.go:173.62,176.3 2 0
github.com/msavanan/bookings/internal/handlers/handlers.go:176.8,178.3 1 0
github.com/msavanan/bookings/internal/handlers/handlers.go:183.74,185.9 2 1
github.com/msavanan/bookings/internal/handlers/handlers.go:185.9,191.3 3 1
github.com/msavanan/bookings/internal/handlers/handlers.go:193.2,194.16 2 1
github.com/msavanan/bookings/internal/handlers/handlers.go:194.16,201.3 3 1
github.com/msavanan/bookings/internal/handlers/handlers.go:203.2,220.4 10 1
github.com/msavanan/bookings/internal/handlers/handlers.go:224.78,226.16 2 1
github.com/msavanan/bookings/internal/handlers/handlers.go:226.16,232.3 3 1
github.com/msavanan/bookings/internal/handlers/handlers.go:234.2,235.9 2 1
github.com/msavanan/bookings/internal/handlers/handlers.go:235.9,240.3 3 1
github.com/msavanan/bookings/internal/handlers/handlers.go:242.2,255.19 10 1
github.com/msavanan/bookings/internal/handlers/handlers.go:255.19,265.3 4 1
github.com/msavanan/bookings/internal/handlers/handlers.go:267.2,269.16 2 1
github.com/msavanan/bookings/internal/handlers/handlers.go:269.16,275.3 3 1
github.com/msavanan/bookings/internal/handlers/handlers.go:277.2,286.16 3 1
github.com/msavanan/bookings/internal/handlers/handlers.go:286.16,292.3 3 1
github.com/msavanan/bookings/internal/handlers/handlers.go:295.2,331.66 8 0
github.com/msavanan/bookings/internal/handlers/handlers.go:335.81,337.9 2 0
github.com/msavanan/bookings/internal/handlers/handlers.go:337.9,345.3 6 0
github.com/msavanan/bookings/internal/handlers/handlers.go:347.2,362.4 9 0
github.com/msavanan/bookings/internal/handlers/handlers.go:366.73,369.16 2 0
github.com/msavanan/bookings/internal/handlers/handlers.go:369.16,372.3 2 0
github.com/msavanan/bookings/internal/handlers/handlers.go:374.2,375.9 2 0
github.com/msavanan/bookings/internal/handlers/handlers.go:375.9,378.3 2 0
github.com/msavanan/bookings/internal/handlers/handlers.go:380.2,384.63 3 0
github.com/msavanan/bookings/internal/handlers/handlers.go:388.71,390.16 2 0
github.com/msavanan/bookings/internal/handlers/handlers.go:390.16,392.3 1 0
github.com/msavanan/bookings/internal/handlers/handlers.go:393.2,401.16 6 0
github.com/msavanan/bookings/internal/handlers/handlers.go:401.16,404.3 2 0
github.com/msavanan/bookings/internal/handlers/handlers.go:406.2,409.16 3 0
github.com/msavanan/bookings/internal/handlers/handlers.go:409.16,411.3 1 0
github.com/msavanan/bookings/internal/handlers/handlers.go:413.2,414.16 2 0
github.com/msavanan/bookings/internal/handlers/handlers.go:414.16,416.3 1 0
github.com/msavanan/bookings/internal/handlers/handlers.go:418.2,420.63 2 0
github.com/msavanan/bookings/internal/handlers/handlers.go:424.72,429.2 1 1
github.com/msavanan/bookings/internal/handlers/handlers.go:431.76,434.16 2 1
github.com/msavanan/bookings/internal/handlers/handlers.go:434.16,436.3 1 0
github.com/msavanan/bookings/internal/handlers/handlers.go:438.2,439.16 2 1
github.com/msavanan/bookings/internal/handlers/handlers.go:439.16,441.3 1 0
github.com/msavanan/bookings/internal/handlers/handlers.go:443.2,450.19 6 1
github.com/msavanan/bookings/internal/handlers/handlers.go:450.19,455.3 2 1
github.com/msavanan/bookings/internal/handlers/handlers.go:457.2,458.16 2 1
github.com/msavanan/bookings/internal/handlers/handlers.go:458.16,463.3 4 1
github.com/msavanan/bookings/internal/handlers/handlers.go:465.2,468.47 3 1
github.com/msavanan/bookings/internal/handlers/handlers.go:472.68,476.2 3 1
github.com/msavanan/bookings/internal/handlers/handlers.go:478.77,480.2 1 1
github.com/msavanan/bookings/internal/handlers/handlers.go:482.83,484.16 2 1
github.com/msavanan/bookings/internal/handlers/handlers.go:484.16,487.3 2 0
github.com/msavanan/bookings/internal/handlers/handlers.go:489.2,494.4 3 1
github.com/msavanan/bookings/internal/handlers/handlers.go:497.83,499.16 2 1
github.com/msavanan/bookings/internal/handlers/handlers.go:499.16,502.3 2 0
github.com/msavanan/bookings/internal/handlers/handlers.go:504.2,508.4 3 1
github.com/msavanan/bookings/internal/handlers/handlers.go:511.83,515.16 4 1
github.com/msavanan/bookings/internal/handlers/handlers.go:515.16,517.3 1 0
github.com/msavanan/bookings/internal/handlers/handlers.go:519.2,529.16 8 1
github.com/msavanan/bookings/internal/handlers/handlers.go:529.16,532.3 2 0
github.com/msavanan/bookings/internal/handlers/handlers.go:534.2,541.4 3 1
github.com/msavanan/bookings/internal/handlers/handlers.go:544.87,546.16 2 0
github.com/msavanan/bookings/internal/handlers/handlers.go:546.16,549.3 2 0
github.com/msavanan/bookings/internal/handlers/handlers.go:551.2,554.16 4 0
github.com/msavanan/bookings/internal/handlers/handlers.go:554.16,556.3 1 0
github.com/msavanan/bookings/internal/handlers/handlers.go:558.2,567.16 8 0
github.com/msavanan/bookings/internal/handlers/handlers.go:567.16,570.3 2 0
github.com/msavanan/bookings/internal/handlers/handlers.go:572.2,577.16 4 0
github.com/msavanan/bookings/internal/handlers/handlers.go:577.16,579.3 1 0
github.com/msavanan/bookings/internal/handlers/handlers.go:579.8,582.3 1 0
github.com/msavanan/bookings/internal/handlers/handlers.go:586.88,589.34 2 0
github.com/msavanan/bookings/internal/handlers/handlers.go:589.34,591.17 2 0
github.com/msavanan/bookings/internal/handlers/handlers.go:591.17,593.4 1 0
github.com/msavanan/bookings/internal/handlers/handlers.go:594.3,595.17 2 0
github.com/msavanan/bookings/internal/handlers/handlers.go:595.17,597.4 1 0
github.com/msavanan/bookings/internal/handlers/handlers.go:599.3,599.68 1 0
github.com/msavanan/bookings/internal/handlers/handlers.go:602.2,632.16 23 0
github.com/msavanan/bookings/internal/handlers/handlers.go:632.16,635.3 2 0
github.com/msavanan/bookings/internal/handlers/handlers.go:637.2,639.26 2 0
github.com/msavanan/bookings/internal/handlers/handlers.go:639.26,643.72 3 0
github.com/msavanan/bookings/internal/handlers/handlers.go:643.72,646.4 2 0
github.com/msavanan/bookings/internal/handlers/handlers.go:648.3,649.17 2 0
github.com/msavanan/bookings/internal/handlers/handlers.go:649.17,651.4 1 0
github.com/msavanan/bookings/internal/handlers/handlers.go:656.3,656.34 1 0
github.com/msavanan/bookings/internal/handlers/handlers.go:656.34,657.27 1 0
github.com/msavanan/bookings/internal/handlers/handlers.go:657.27,659.71 1 0
github.com/msavanan/bookings/internal/handlers/handlers.go:659.71,662.6 1 0
github.com/msavanan/bookings/internal/handlers/handlers.go:664.10,666.5 1 0
github.com/msavanan/bookings/internal/handlers/handlers.go:669.3,672.78 3 0
github.com/msavanan/bookings/internal/handlers/handlers.go:676.2,680.4 1 0
github.com/msavanan/bookings/internal/handlers/handlers.go:683.86,688.16 4 0
github.com/msavanan/bookings/internal/handlers/handlers.go:688.16,690.3 1 0
github.com/msavanan/bookings/internal/handlers/handlers.go:692.2,696.16 4 0
github.com/msavanan/bookings/internal/handlers/handlers.go:696.16,698.3 1 0
github.com/msavanan/bookings/internal/handlers/handlers.go:698.8,700.3 1 0
github.com/msavanan/bookings/internal/handlers/handlers.go:704.85,709.16 4 0
github.com/msavanan/bookings/internal/handlers/handlers.go:709.16,711.3 1 0
github.com/msavanan/bookings/internal/handlers/handlers.go:713.2,717.16 4 0
github.com/msavanan/bookings/internal/handlers/handlers.go:717.16,719.3 1 0
github.com/msavanan/bookings/internal/handlers/handlers.go:719.8,721.3 1 0
github.com/msavanan/bookings/internal/handlers/handlers.go:725.92,727.16 2 0
github.com/msavanan/bookings/internal/handlers/handlers.go:727.16,730.3 2 0
github.com/msavanan/bookings/internal/handlers/handlers.go:732.2,736.16 4 0
github.com/msavanan/bookings/internal/handlers/handlers.go:736.16,739.3 2 0
github.com/msavanan/bookings/internal/handlers/handlers.go:741.2,743.26 2 0
github.com/msavanan/bookings/internal/handlers/handlers.go:743.26,750.35 2 0
github.com/msavanan/bookings/internal/handlers/handlers.go:750.35,751.35 1 0
github.com/msavanan/bookings/internal/handlers/handlers.go:751.35,753.16 1 0
github.com/msavanan/bookings/internal/handlers/handlers.go:753.16,754.66 1 0
github.com/msavanan/bookings/internal/handlers/handlers.go:754.66,758.21 2 0
github.com/msavanan/bookings/internal/handlers/handlers.go:758.21,760.8 1 0
github.com/msavanan/bookings/internal/handlers/handlers.go:769.2,769.34 1 0
github.com/msavanan/bookings/internal/handlers/handlers.go:769.34,770.43 1 0
github.com/msavanan/bookings/internal/handlers/handlers.go:770.43,774.18 4 0
github.com/msavanan/bookings/internal/handlers/handlers.go:774.18,776.5 1 0
github.com/msavanan/bookings/internal/handlers/handlers.go:779.4,780.18 2 0
github.com/msavanan/bookings/internal/handlers/handlers.go:780.18,782.5 1 0
github.com/msavanan/bookings/internal/handlers/handlers.go:786.2,788.110 2 0
