mode: set
github.com/msavanan/bookings/internal/handlers/handlers.go:22.47,26.2 1 1
github.com/msavanan/bookings/internal/handlers/handlers.go:28.33,30.2 1 1
github.com/msavanan/bookings/internal/handlers/handlers.go:32.67,38.2 3 1
github.com/msavanan/bookings/internal/handlers/handlers.go:40.68,52.2 6 1
github.com/msavanan/bookings/internal/handlers/handlers.go:54.70,56.2 1 1
github.com/msavanan/bookings/internal/handlers/handlers.go:58.71,60.2 1 1
github.com/msavanan/bookings/internal/handlers/handlers.go:62.69,64.2 1 1
github.com/msavanan/bookings/internal/handlers/handlers.go:67.75,69.2 1 1
github.com/msavanan/bookings/internal/handlers/handlers.go:72.79,76.2 3 1
github.com/msavanan/bookings/internal/handlers/handlers.go:84.79,89.62 2 1
github.com/msavanan/bookings/internal/handlers/handlers.go:89.62,93.3 3 1
github.com/msavanan/bookings/internal/handlers/handlers.go:98.74,105.2 3 1
github.com/msavanan/bookings/internal/handlers/handlers.go:108.78,110.16 2 1
github.com/msavanan/bookings/internal/handlers/handlers.go:110.16,113.3 2 0
github.com/msavanan/bookings/internal/handlers/handlers.go:115.2,130.19 7 1
github.com/msavanan/bookings/internal/handlers/handlers.go:130.19,140.3 4 0
github.com/msavanan/bookings/internal/handlers/handlers.go:142.2,143.66 2 1
github.com/msavanan/bookings/internal/handlers/handlers.go:147.81,149.9 2 1
github.com/msavanan/bookings/internal/handlers/handlers.go:149.9,156.3 5 1
github.com/msavanan/bookings/internal/handlers/handlers.go:158.2,164.4 4 0
